.====================================================================.
                                                                      
 .d8888b.   .o8888b.   db  .d8888b.  d8888b. d88888b d8888b.  .d888b. 
.8P    Y8. d8P    Y8   88 .8P    Y8. 88  `8D 88'     88  `8D .8P , Y8.
88      88 8P      oooo88 88      88 88oooY' 88oooo  88oobY' 88  |  88
88      88 8b      ~~~~88 88      88 88~~~b. 88~~~~  88`8b   88  |/ 88
`8b    d8' Y8b    d8   88 `8b    d8' 88   8D 88.     88 `88. `8b | d8'
 `Y8888P'   `Y8888P'   YP  `Y8888P'  Y8888P' Y88888P 88   YD  `Y888P' 
                                                                      
`========================== INSTALLATION LOG ========================'

[2014/06/08 08:41:01] Host: Linux localhost 3.13.0-24-generic #47-Ubuntu SMP Fri May 2 23:30:00 UTC 2014 x86_64
[2014/06/08 08:41:01] PHP version: 5.5.12-2+deb.sury.org~trusty+1
[2014/06/08 08:41:01] Server software: Apache/2.4.9 (Ubuntu)
[2014/06/08 08:41:01] Operating system: Linux
[2014/06/08 08:41:01] Memory limit: 128M
[2014/06/08 08:41:01] Max execution time: 3600
.============================ POST REQUEST ==========================.
[2014/06/08 08:41:02] Postback payload: Array
(
    [code] => phpVersion
    [handler] => onCheckRequirement
)

[2014/06/08 08:41:02] System check: phpVersion
[2014/06/08 08:41:02] Requirement phpVersion +OK
[2014/06/08 08:41:02] Execute handler (onCheckRequirement): Array
(
    [result] => 1
)

.============================ POST REQUEST ==========================.
[2014/06/08 08:41:03] Postback payload: Array
(
    [code] => safeMode
    [handler] => onCheckRequirement
)

[2014/06/08 08:41:03] System check: safeMode
[2014/06/08 08:41:03] Requirement safeMode +OK
[2014/06/08 08:41:03] Execute handler (onCheckRequirement): Array
(
    [result] => 1
)

.============================ POST REQUEST ==========================.
[2014/06/08 08:41:03] Postback payload: Array
(
    [code] => curlLibrary
    [handler] => onCheckRequirement
)

[2014/06/08 08:41:03] System check: curlLibrary
[2014/06/08 08:41:03] Requirement curlLibrary +OK
[2014/06/08 08:41:03] Execute handler (onCheckRequirement): Array
(
    [result] => 1
)

.============================ POST REQUEST ==========================.
[2014/06/08 08:41:04] Postback payload: Array
(
    [code] => liveConnection
    [handler] => onCheckRequirement
)

[2014/06/08 08:41:04] System check: liveConnection
[2014/06/08 08:41:10] Server request: ping
[2014/06/08 08:41:10] Request information: Array
(
    [url] => http://octobercms.com/api/ping
    [content_type] => application/json
    [http_code] => 200
    [header_size] => 887
    [request_size] => 163
    [filetime] => -1
    [ssl_verify_result] => 0
    [redirect_count] => 0
    [total_time] => 5.729861
    [namelookup_time] => 5.518081
    [connect_time] => 5.610218
    [pretransfer_time] => 5.610509
    [size_upload] => 32
    [size_download] => 10
    [speed_download] => 1
    [speed_upload] => 5
    [download_content_length] => -1
    [upload_content_length] => 32
    [starttransfer_time] => 5.72898
    [redirect_time] => 0
    [redirect_url] => 
    [primary_ip] => 50.116.3.170
    [certinfo] => Array
        (
        )

    [primary_port] => 80
    [local_ip] => 10.0.2.15
    [local_port] => 48006
)

[2014/06/08 08:41:10] Requirement liveConnection +OK
[2014/06/08 08:41:10] Execute handler (onCheckRequirement): Array
(
    [result] => 1
)

.============================ POST REQUEST ==========================.
[2014/06/08 08:41:11] Postback payload: Array
(
    [code] => writePermission
    [handler] => onCheckRequirement
)

[2014/06/08 08:41:11] System check: writePermission
[2014/06/08 08:41:11] Requirement writePermission +OK
[2014/06/08 08:41:11] Execute handler (onCheckRequirement): Array
(
    [result] => 1
)

.============================ POST REQUEST ==========================.
[2014/06/08 08:41:11] Postback payload: Array
(
    [code] => pdoLibrary
    [handler] => onCheckRequirement
)

[2014/06/08 08:41:11] System check: pdoLibrary
[2014/06/08 08:41:11] Requirement pdoLibrary +OK
[2014/06/08 08:41:11] Execute handler (onCheckRequirement): Array
(
    [result] => 1
)

.============================ POST REQUEST ==========================.
[2014/06/08 08:41:12] Postback payload: Array
(
    [code] => mcryptLibrary
    [handler] => onCheckRequirement
)

[2014/06/08 08:41:12] System check: mcryptLibrary
[2014/06/08 08:41:12] Requirement mcryptLibrary +OK
[2014/06/08 08:41:12] Execute handler (onCheckRequirement): Array
(
    [result] => 1
)

.============================ POST REQUEST ==========================.
[2014/06/08 08:41:12] Postback payload: Array
(
    [code] => zipLibrary
    [handler] => onCheckRequirement
)

[2014/06/08 08:41:12] System check: zipLibrary
[2014/06/08 08:41:12] Requirement zipLibrary +OK
[2014/06/08 08:41:12] Execute handler (onCheckRequirement): Array
(
    [result] => 1
)

.============================ POST REQUEST ==========================.
[2014/06/08 08:41:13] Postback payload: Array
(
    [code] => gdLibrary
    [handler] => onCheckRequirement
)

[2014/06/08 08:41:13] System check: gdLibrary
[2014/06/08 08:41:13] Requirement gdLibrary +OK
[2014/06/08 08:41:13] Execute handler (onCheckRequirement): Array
(
    [result] => 1
)

.============================ POST REQUEST ==========================.
[2014/06/08 08:44:20] Postback payload: Array
(
    [db_type] => mysql
    [db_host] => localhost
    [db_name] => october
    [db_user] => root
    [db_pass] => *******
    [admin_first_name] => Aaron
    [admin_last_name] => Holland
    [admin_email] => *******@*****.com
    [admin_login] => aaron
    [admin_password] => *******
    [admin_confirm_password] => *******
    [backend_uri] => /admin
    [encryption_code] => *******
    [folder_mask] => 777
    [file_mask] => 777
    [handler] => onValidateDatabase
)

[2014/06/08 08:44:20] Handler error (onValidateDatabase): Connection failed: SQLSTATE[42000] [1049] Unknown database 'october'
[2014/06/08 08:44:20] Trace log:
#0 /vagrant/install_files/php/Installer.php(53): Installer->onValidateDatabase()
#1 /vagrant/install_files/php/boot.php(55): Installer->__construct()
#2 /vagrant/install.php(1): include('/vagrant/instal...')
#3 {main}
.============================ POST REQUEST ==========================.
[2014/06/08 08:46:51] Postback payload: Array
(
    [db_type] => mysql
    [db_host] => localhost
    [db_name] => october
    [db_user] => root
    [db_pass] => *******
    [admin_first_name] => Aaron
    [admin_last_name] => Holland
    [admin_email] => *******@*****.com
    [admin_login] => aaron
    [admin_password] => *******
    [admin_confirm_password] => *******
    [backend_uri] => /admin
    [encryption_code] => *******
    [folder_mask] => 777
    [file_mask] => 777
    [handler] => onValidateDatabase
)

.============================ POST REQUEST ==========================.
[2014/06/08 08:46:51] Postback payload: Array
(
    [db_type] => mysql
    [db_host] => localhost
    [db_name] => october
    [db_user] => root
    [db_pass] => *******
    [admin_first_name] => Aaron
    [admin_last_name] => Holland
    [admin_email] => *******@*****.com
    [admin_login] => aaron
    [admin_password] => *******
    [admin_confirm_password] => *******
    [backend_uri] => /admin
    [encryption_code] => *******
    [folder_mask] => 777
    [file_mask] => 777
    [handler] => onValidateAdminAccount
)

.============================ POST REQUEST ==========================.
[2014/06/08 08:46:51] Postback payload: Array
(
    [db_type] => mysql
    [db_host] => localhost
    [db_name] => october
    [db_user] => root
    [db_pass] => *******
    [admin_first_name] => Aaron
    [admin_last_name] => Holland
    [admin_email] => *******@*****.com
    [admin_login] => aaron
    [admin_password] => *******
    [admin_confirm_password] => *******
    [backend_uri] => /admin
    [encryption_code] => *******
    [folder_mask] => 777
    [file_mask] => 777
    [handler] => onValidateAdvancedConfig
)

.============================ POST REQUEST ==========================.
.============================ POST REQUEST ==========================.
[2014/06/08 08:46:51] Postback payload: Array
(
    [handler] => onGetPopularPlugins
)

[2014/06/08 08:46:51] Postback payload: Array
(
    [handler] => 
)

[2014/06/08 08:46:57] Server request: plugin/popular
[2014/06/08 08:46:57] Request information: Array
(
    [url] => http://octobercms.com/api/plugin/popular
    [content_type] => application/json
    [http_code] => 200
    [header_size] => 885
    [request_size] => 173
    [filetime] => -1
    [ssl_verify_result] => 0
    [redirect_count] => 0
    [total_time] => 5.725104
    [namelookup_time] => 5.521532
    [connect_time] => 5.60939
    [pretransfer_time] => 5.609589
    [size_upload] => 32
    [size_download] => 1240
    [speed_download] => 216
    [speed_upload] => 5
    [download_content_length] => -1
    [upload_content_length] => 32
    [starttransfer_time] => 5.724392
    [redirect_time] => 0
    [redirect_url] => 
    [primary_ip] => 50.116.3.170
    [certinfo] => Array
        (
        )

    [primary_port] => 80
    [local_ip] => 10.0.2.15
    [local_port] => 48019
)

[2014/06/08 08:46:57] Execute handler (onGetPopularPlugins): Array
(
    [0] => Array
        (
            [name] => Twitter Feed
            [description] => This plugin adds a Twitter feed to your page.
            [code] => RainLab.TwitterFeed
            [updated_at] => 2014-05-21 09:42:39
            [image] => http://octobercms.com/uploads/public/537/288/83c/thumb_26_64x64_auto.png
            [author] => October
        )

    [1] => Array
        (
            [name] => Google Analytics
            [description] => Provides the Google Analytics tracking and reporting.
            [code] => RainLab.GoogleAnalytics
            [updated_at] => 2014-05-12 01:56:00
            [image] => http://octobercms.com/uploads/public/537/211/68d/thumb_23_64x64_auto.png
            [author] => October
        )

    [2] => Array
        (
            [name] => MailChimp
            [description] => Provides MailChimp integration services.
            [code] => RainLab.MailChimp
            [updated_at] => 2014-05-12 01:53:25
            [image] => http://octobercms.com/uploads/public/537/210/7f3/thumb_22_64x64_auto.png
            [author] => October
        )

    [3] => Array
        (
            [name] => Blog
            [description] => A robust blogging platform.
            [code] => RainLab.Blog
            [updated_at] => 2014-05-02 01:17:59
            [image] => http://octobercms.com/uploads/public/537/20f/032/thumb_20_64x64_auto.png
            [author] => October
        )

    [4] => Array
        (
            [name] => User
            [description] => Front-end user management.
            [code] => RainLab.User
            [updated_at] => 2014-05-02 00:49:16
            [image] => http://octobercms.com/uploads/public/537/285/d34/thumb_24_64x64_auto.png
            [author] => October
        )

)

.============================ POST REQUEST ==========================.
[2014/06/08 08:47:11] Postback payload: Array
(
    [project_id] => *******
    [handler] => onProjectDetails
)

[2014/06/08 08:47:17] Server request: project/detail
[2014/06/08 08:47:17] Request information: Array
(
    [url] => http://octobercms.com/api/project/detail
    [content_type] => application/json
    [http_code] => 200
    [header_size] => 887
    [request_size] => 232
    [filetime] => -1
    [ssl_verify_result] => 0
    [redirect_count] => 0
    [total_time] => 5.809518
    [namelookup_time] => 5.517478
    [connect_time] => 5.683012
    [pretransfer_time] => 5.683216
    [size_upload] => 91
    [size_download] => 91
    [speed_download] => 15
    [speed_upload] => 15
    [download_content_length] => -1
    [upload_content_length] => 91
    [starttransfer_time] => 5.806203
    [redirect_time] => 0
    [redirect_url] => 
    [primary_ip] => 50.116.3.170
    [certinfo] => Array
        (
        )

    [primary_port] => 80
    [local_ip] => 10.0.2.15
    [local_port] => 48021
)

[2014/06/08 08:47:17] Execute handler (onProjectDetails): Array
(
    [name] => October-Heroku
    [description] => 
    [owner] => Aaron Holland
    [plugins] => Array
        (
        )

    [themes] => Array
        (
        )

)

.============================ POST REQUEST ==========================.
[2014/06/08 08:47:17] Postback payload: Array
(
    [handler] => 
)

.============================ POST REQUEST ==========================.
[2014/06/08 08:47:17] Postback payload: Array
(
    [handler] => 
)

.============================ POST REQUEST ==========================.
[2014/06/08 08:47:38] Postback payload: Array
(
    [step] => getMetaData
    [meta] => 
    [project_id] => *******
    [handler] => onInstallStep
)

[2014/06/08 08:47:38] Install step: getMetaData
[2014/06/08 08:47:39] Server request: core/install
[2014/06/08 08:47:39] Request information: Array
(
    [url] => http://octobercms.com/api/core/install
    [content_type] => application/json
    [http_code] => 200
    [header_size] => 889
    [request_size] => 235
    [filetime] => -1
    [ssl_verify_result] => 0
    [redirect_count] => 0
    [total_time] => 0.253265
    [namelookup_time] => 3.7E-5
    [connect_time] => 0.089614
    [pretransfer_time] => 0.089778
    [size_upload] => 96
    [size_download] => 91
    [speed_download] => 359
    [speed_upload] => 379
    [download_content_length] => -1
    [upload_content_length] => 96
    [starttransfer_time] => 0.252944
    [redirect_time] => 0
    [redirect_url] => 
    [primary_ip] => 50.116.3.170
    [certinfo] => Array
        (
        )

    [primary_port] => 80
    [local_ip] => 10.0.2.15
    [local_port] => 48025
)

[2014/06/08 08:47:39] Step getMetaData +OK
[2014/06/08 08:47:39] Execute handler (onInstallStep): Array
(
    [result] => Array
        (
            [core] => Array
                (
                    [hash] => 3cc488c9c186d457840b705557879c80
                    [build] => 105
                )

            [plugins] => Array
                (
                )

            [themes] => Array
                (
                )

        )

)

.============================ POST REQUEST ==========================.
[2014/06/08 08:47:39] Postback payload: Array
(
    [step] => downloadCore
    [meta] => Array
        (
            [core] => Array
                (
                    [hash] => 3cc488c9c186d457840b705557879c80
                    [build] => 105
                )

        )

    [handler] => onInstallStep
)

[2014/06/08 08:47:39] Install step: downloadCore
[2014/06/08 08:48:29] Saving to file (core): /vagrant/install_files/temp/a74ad8dfacd4f985eb3977517615ce25.arc
[2014/06/08 08:48:29] Step downloadCore +OK
[2014/06/08 08:48:29] Execute handler (onInstallStep): Array
(
    [result] => 
)

.============================ POST REQUEST ==========================.
[2014/06/08 08:48:29] Postback payload: Array
(
    [step] => extractCore
    [meta] => Array
        (
            [core] => Array
                (
                    [hash] => 3cc488c9c186d457840b705557879c80
                    [build] => 105
                )

        )

    [handler] => onInstallStep
)

[2014/06/08 08:48:29] Install step: extractCore
[2014/06/08 08:48:29] Extracting file (core): a74ad8dfacd4f985eb3977517615ce25.arc
[2014/06/08 08:48:44] Step extractCore +OK
[2014/06/08 08:48:44] Execute handler (onInstallStep): Array
(
    [result] => 1
)

.============================ POST REQUEST ==========================.
[2014/06/08 08:48:45] Postback payload: Array
(
    [step] => setupConfig
    [meta] => Array
        (
            [core] => Array
                (
                    [hash] => 3cc488c9c186d457840b705557879c80
                    [build] => 105
                )

        )

    [db_type] => mysql
    [db_host] => localhost
    [db_name] => october
    [db_user] => root
    [db_pass] => *******
    [admin_first_name] => Aaron
    [admin_last_name] => Holland
    [admin_email] => *******@*****.com
    [admin_login] => aaron
    [admin_password] => *******
    [admin_confirm_password] => *******
    [backend_uri] => /admin
    [encryption_code] => *******
    [folder_mask] => 777
    [file_mask] => 777
    [handler] => onInstallStep
)

[2014/06/08 08:48:45] Install step: setupConfig
[2014/06/08 08:48:45] Step setupConfig +OK
[2014/06/08 08:48:45] Execute handler (onInstallStep): Array
(
    [result] => 
)

.============================ POST REQUEST ==========================.
[2014/06/08 08:48:46] Postback payload: Array
(
    [step] => createAdmin
    [meta] => Array
        (
            [core] => Array
                (
                    [hash] => 3cc488c9c186d457840b705557879c80
                    [build] => 105
                )

        )

    [db_type] => mysql
    [db_host] => localhost
    [db_name] => october
    [db_user] => root
    [db_pass] => *******
    [admin_first_name] => Aaron
    [admin_last_name] => Holland
    [admin_email] => *******@*****.com
    [admin_login] => aaron
    [admin_password] => *******
    [admin_confirm_password] => *******
    [backend_uri] => /admin
    [encryption_code] => *******
    [folder_mask] => 777
    [file_mask] => 777
    [handler] => onInstallStep
)

[2014/06/08 08:48:46] Install step: createAdmin
[2014/06/08 08:48:46] Step createAdmin +OK
[2014/06/08 08:48:46] Execute handler (onInstallStep): Array
(
    [result] => 
)

.============================ POST REQUEST ==========================.
[2014/06/08 08:48:47] Postback payload: Array
(
    [step] => finishInstall
    [meta] => Array
        (
            [core] => Array
                (
                    [hash] => 3cc488c9c186d457840b705557879c80
                    [build] => 105
                )

        )

    [hash] => 3cc488c9c186d457840b705557879c80
    [build] => 105
    [handler] => onInstallStep
)

[2014/06/08 08:48:47] Install step: finishInstall
[2014/06/08 08:48:47] Cleaning up file: a74ad8dfacd4f985eb3977517615ce25.arc
[2014/06/08 08:48:47] Step finishInstall +OK
[2014/06/08 08:48:47] Execute handler (onInstallStep): Array
(
    [result] => 
)

